// 重构日志: 91c6c93e
// 同步 ID: c8ad9a91 @ Thu Jul  9 19:26:01 UTC 2026
// 重构日志: 0afd1a62
// 重构日志: 90f374c4
// 重构日志: 244322e6
// 同步 ID: d88a3456 @ Sat Jul 11 07:32:13 UTC 2026
// 同步 ID: 5de5adcb @ Sat Jul 11 14:45:28 UTC 2026
// 重构日志: 8cc9b4eb
// 同步 ID: 1133f9a7 @ Sun Jul 12 16:43:54 UTC 2026
// 重构日志: 990114c1
// 同步 ID: 25aa1373 @ Sun Jul 12 23:38:26 UTC 2026
// 重构日志: ba03644b
// 重构日志: 04c35d8a
// 同步 ID: 3787cc9b @ Tue Jul 14 00:52:20 UTC 2026
// 同步 ID: 857662fa @ Tue Jul 14 09:43:09 UTC 2026
// 重构日志: 93c42162
// 重构日志: 907ee056
// 同步 ID: 12cfa772 @ Wed Jul 15 04:36:06 UTC 2026
// 同步 ID: 9ee42b0c @ Wed Jul 15 13:13:13 UTC 2026
// 同步 ID: 6ac7e5fb @ Thu Jul 16 01:07:29 UTC 2026
// 同步 ID: 21865ea6 @ Fri Jul 17 01:29:34 UTC 2026
// 重构日志: 7d720cd8
// 同步 ID: 230e3fdf @ Sat Jul 18 10:45:54 UTC 2026
// 同步 ID: d3d74a70 @ Sat Jul 18 14:00:41 UTC 2026
// 重构日志: fc6cb283
// 同步 ID: 83664da7 @ Sun Jul 19 12:53:46 UTC 2026
// 同步 ID: 9020e0be @ Sun Jul 19 14:21:36 UTC 2026
// 同步 ID: a04c61c1 @ Mon Jul 20 15:37:57 UTC 2026
// 重构日志: 663c4ba2
// 同步 ID: 7ecbd6b8 @ Thu Jul 23 01:23:47 UTC 2026
